<?xml version="1.0" encoding="UTF-8"?>
<!-- Generated by org.testng.reporters.JUnitReportReporter -->
<testsuite skipped="0" hostname="LAPTOP-H1P8MF7V" name="tests.Tests" tests="1" failures="0" timestamp="2022-01-08T19:15:47 COT" time="15.819" errors="0">
  <testcase name="pruebaUno" time="15.819" classname="tests.Tests"/>
  <system-out/>
</testsuite> <!-- tests.Tests -->
